<?xml version="1.0" encoding="UTF-8"?><testsuites failures="51" name="dependency-check" tests="88"><testsuite failures="0" errors="0" time="0" id="0" name="/scratch/softwares_2/ORM_25.3_workspace/OSCS/oscs_client/workspace/OSCS_SCAN_AREA_20260213203832/FastInfoset-1.2.15.jar" package="FastInfoset-1.2.15.jar" skipped="0" tests="1" timestamp="2026-02-13T20:41:26.733"><testcase classname="dependency-check" name="FastInfoset-1.2.15.jar"/></testsuite><testsuite failures="0" errors="0" time="0" id="1" name="/scratch/softwares_2/ORM_25.3_workspace/OSCS/oscs_client/workspace/OSCS_SCAN_AREA_20260213203832/HikariCP-4.0.3.jar" package="HikariCP-4.0.3.jar" skipped="0" tests="1" timestamp="2026-02-13T20:41:26.733"><testcase classname="dependency-check" name="HikariCP-4.0.3.jar"/></testsuite><testsuite failures="0" errors="0" time="0" id="2" name="/scratch/softwares_2/ORM_25.3_workspace/OSCS/oscs_client/workspace/OSCS_SCAN_AREA_20260213203832/antlr-2.7.7.jar" package="antlr-2.7.7.jar" skipped="0" tests="1" timestamp="2026-02-13T20:41:26.733"><testcase classname="dependency-check" name="antlr-2.7.7.jar"/></testsuite><testsuite failures="0" errors="0" time="0" id="3" name="/scratch/softwares_2/ORM_25.3_workspace/OSCS/oscs_client/workspace/OSCS_SCAN_AREA_20260213203832/aspectjrt-1.9.7.jar" package="aspectjrt-1.9.7.jar" skipped="0" tests="1" timestamp="2026-02-13T20:41:26.733"><testcase classname="dependency-check" name="aspectjrt-1.9.7.jar"/></testsuite><testsuite failures="0" errors="0" time="0" id="4" name="/scratch/softwares_2/ORM_25.3_workspace/OSCS/oscs_client/workspace/OSCS_SCAN_AREA_20260213203832/aspectjweaver-1.9.7.jar" package="aspectjweaver-1.9.7.jar" skipped="0" tests="1" timestamp="2026-02-13T20:41:26.733"><testcase classname="dependency-check" name="aspectjweaver-1.9.7.jar"/></testsuite><testsuite failures="0" errors="0" time="0" id="5" name="/scratch/softwares_2/ORM_25.3_workspace/OSCS/oscs_client/workspace/OSCS_SCAN_AREA_20260213203832/boxable-1.6.jar" package="boxable-1.6.jar" skipped="0" tests="1" timestamp="2026-02-13T20:41:26.733"><testcase classname="dependency-check" name="boxable-1.6.jar"/></testsuite><testsuite failures="0" errors="0" time="0" id="6" name="/scratch/softwares_2/ORM_25.3_workspace/OSCS/oscs_client/workspace/OSCS_SCAN_AREA_20260213203832/byte-buddy-1.12.9.jar/META-INF/maven/net.bytebuddy/byte-buddy-dep/pom.xml" package="byte-buddy-1.12.9.jar (shaded: net.bytebuddy:byte-buddy-dep:1.12.9)" skipped="0" tests="1" timestamp="2026-02-13T20:41:26.733"><testcase classname="dependency-check" name="byte-buddy-1.12.9.jar (shaded: net.bytebuddy:byte-buddy-dep:1.12.9)"/></testsuite><testsuite failures="0" errors="0" time="0" id="7" name="/scratch/softwares_2/ORM_25.3_workspace/OSCS/oscs_client/workspace/OSCS_SCAN_AREA_20260213203832/byte-buddy-1.12.9.jar" package="byte-buddy-1.12.9.jar" skipped="0" tests="1" timestamp="2026-02-13T20:41:26.733"><testcase classname="dependency-check" name="byte-buddy-1.12.9.jar"/></testsuite><testsuite failures="0" errors="0" time="0" id="8" name="/scratch/softwares_2/ORM_25.3_workspace/OSCS/oscs_client/workspace/OSCS_SCAN_AREA_20260213203832/classmate-1.5.1.jar" package="classmate-1.5.1.jar" skipped="0" tests="1" timestamp="2026-02-13T20:41:26.733"><testcase classname="dependency-check" name="classmate-1.5.1.jar"/></testsuite><testsuite failures="0" errors="0" time="0" id="9" name="/scratch/softwares_2/ORM_25.3_workspace/OSCS/oscs_client/workspace/OSCS_SCAN_AREA_20260213203832/commons-beanutils-1.11.0.jar" package="commons-beanutils-1.11.0.jar" skipped="0" tests="1" timestamp="2026-02-13T20:41:26.733"><testcase classname="dependency-check" name="commons-beanutils-1.11.0.jar"/></testsuite><testsuite failures="0" errors="0" time="0" id="10" name="/scratch/softwares_2/ORM_25.3_workspace/OSCS/oscs_client/workspace/OSCS_SCAN_AREA_20260213203832/commons-codec-1.11.jar" package="commons-codec-1.11.jar" skipped="0" tests="1" timestamp="2026-02-13T20:41:26.733"><testcase classname="dependency-check" name="commons-codec-1.11.jar"/></testsuite><testsuite failures="0" errors="0" time="0" id="11" name="/scratch/softwares_2/ORM_25.3_workspace/OSCS/oscs_client/workspace/OSCS_SCAN_AREA_20260213203832/commons-collections4-4.4.jar" package="commons-collections4-4.4.jar" skipped="0" tests="1" timestamp="2026-02-13T20:41:26.733"><testcase classname="dependency-check" name="commons-collections4-4.4.jar"/></testsuite><testsuite failures="0" errors="0" time="0" id="12" name="/scratch/softwares_2/ORM_25.3_workspace/OSCS/oscs_client/workspace/OSCS_SCAN_AREA_20260213203832/commons-compress-1.22.jar" package="commons-compress-1.22.jar" skipped="0" tests="1" timestamp="2026-02-13T20:41:26.733"><testcase classname="dependency-check" name="commons-compress-1.22.jar"/></testsuite><testsuite failures="0" errors="0" time="0" id="13" name="/scratch/softwares_2/ORM_25.3_workspace/OSCS/oscs_client/workspace/OSCS_SCAN_AREA_20260213203832/commons-digester-2.1.jar" package="commons-digester-2.1.jar" skipped="0" tests="1" timestamp="2026-02-13T20:41:26.733"><testcase classname="dependency-check" name="commons-digester-2.1.jar"/></testsuite><testsuite failures="0" errors="0" time="0" id="14" name="/scratch/softwares_2/ORM_25.3_workspace/OSCS/oscs_client/workspace/OSCS_SCAN_AREA_20260213203832/commons-io-2.15.0.jar" package="commons-io-2.15.0.jar" skipped="0" tests="1" timestamp="2026-02-13T20:41:26.733"><testcase classname="dependency-check" name="commons-io-2.15.0.jar"/></testsuite><testsuite failures="0" errors="0" time="0" id="15" name="/scratch/softwares_2/ORM_25.3_workspace/OSCS/oscs_client/workspace/OSCS_SCAN_AREA_20260213203832/commons-lang-2.6.jar" package="commons-lang-2.6.jar" skipped="0" tests="1" timestamp="2026-02-13T20:41:26.733"><testcase classname="dependency-check" name="commons-lang-2.6.jar"/></testsuite><testsuite failures="0" errors="0" time="0" id="16" name="/scratch/softwares_2/ORM_25.3_workspace/OSCS/oscs_client/workspace/OSCS_SCAN_AREA_20260213203832/commons-lang3-3.18.0.jar" package="commons-lang3-3.18.0.jar" skipped="0" tests="1" timestamp="2026-02-13T20:41:26.733"><testcase classname="dependency-check" name="commons-lang3-3.18.0.jar"/></testsuite><testsuite failures="0" errors="0" time="0" id="17" name="/scratch/softwares_2/ORM_25.3_workspace/OSCS/oscs_client/workspace/OSCS_SCAN_AREA_20260213203832/commons-text-1.10.0.jar" package="commons-text-1.10.0.jar" skipped="0" tests="1" timestamp="2026-02-13T20:41:26.733"><testcase classname="dependency-check" name="commons-text-1.10.0.jar"/></testsuite><testsuite failures="0" errors="0" time="0" id="18" name="/scratch/softwares_2/ORM_25.3_workspace/OSCS/oscs_client/workspace/OSCS_SCAN_AREA_20260213203832/fontbox-2.0.22.jar" package="fontbox-2.0.22.jar" skipped="0" tests="1" timestamp="2026-02-13T20:41:26.733"><testcase classname="dependency-check" name="fontbox-2.0.22.jar"/></testsuite><testsuite failures="0" errors="0" time="0" id="19" name="/scratch/softwares_2/ORM_25.3_workspace/OSCS/oscs_client/workspace/OSCS_SCAN_AREA_20260213203832/freemarker-2.3.32.jar" package="freemarker-2.3.32.jar" skipped="0" tests="1" timestamp="2026-02-13T20:41:26.733"><testcase classname="dependency-check" name="freemarker-2.3.32.jar"/></testsuite><testsuite failures="1" errors="0" time="0" id="20" name="/scratch/softwares_2/ORM_25.3_workspace/OSCS/oscs_client/workspace/OSCS_SCAN_AREA_20260213203832/guava-10.0.1.jar" package="guava-10.0.1.jar" skipped="0" tests="1" timestamp="2026-02-13T20:41:26.733"><testcase classname="CVE-2020-8908" name="pkg:maven/com.google.guava/guava@10.0.1"><failure message="cvssV3: LOW, score: 3.3 (CVSS:3.1/AV:L/AC:L/PR:L/UI:N/S:U/C:L/I:N/A:N)"/><system-out>A temp directory creation vulnerability exists in all versions of Guava allowing an attacker with access to the machine to potentially access data in a temporary directory created by the Guava API com.google.common.io.Files.createTempDir(). By default on unix-like systems the created directory is world-readable (readable by an attacker with access to the system). The method in question has been marked @Deprecated in versions 30.0 and later and should not be used. For Android developers we recommend choosing a temporary directory API provided by Android such as context.getCacheDir(). For other Java developers we recommend migrating to the Java 7 API java.nio.file.Files.createTempDirectory() which explicitly configures permissions of 700 or configuring the Java runtime&apos;s java.io.tmpdir system property to point to a location whose permissions are appropriately configured.</system-out><system-err>location: /scratch/softwares_2/ORM_25.3_workspace/OSCS/oscs_client/workspace/OSCS_SCAN_AREA_20260213203832/guava-10.0.1.jar, project-references: [  ]</system-err></testcase></testsuite><testsuite failures="0" errors="0" time="0" id="21" name="/scratch/softwares_2/ORM_25.3_workspace/OSCS/oscs_client/workspace/OSCS_SCAN_AREA_20260213203832/hibernate-commons-annotations-5.1.2.Final.jar" package="hibernate-commons-annotations-5.1.2.Final.jar" skipped="0" tests="1" timestamp="2026-02-13T20:41:26.733"><testcase classname="dependency-check" name="hibernate-commons-annotations-5.1.2.Final.jar"/></testsuite><testsuite failures="0" errors="0" time="0" id="22" name="/scratch/softwares_2/ORM_25.3_workspace/OSCS/oscs_client/workspace/OSCS_SCAN_AREA_20260213203832/hibernate-core-5.6.12.Final.jar" package="hibernate-core-5.6.12.Final.jar" skipped="0" tests="1" timestamp="2026-02-13T20:41:26.733"><testcase classname="dependency-check" name="hibernate-core-5.6.12.Final.jar"/></testsuite><testsuite failures="0" errors="0" time="0" id="23" name="/scratch/softwares_2/ORM_25.3_workspace/OSCS/oscs_client/workspace/OSCS_SCAN_AREA_20260213203832/hibernate-entitymanager-5.6.12.Final.jar" package="hibernate-entitymanager-5.6.12.Final.jar" skipped="0" tests="1" timestamp="2026-02-13T20:41:26.733"><testcase classname="dependency-check" name="hibernate-entitymanager-5.6.12.Final.jar"/></testsuite><testsuite failures="0" errors="0" time="0" id="24" name="/scratch/softwares_2/ORM_25.3_workspace/OSCS/oscs_client/workspace/OSCS_SCAN_AREA_20260213203832/hibernate-validator-6.2.3.Final.jar" package="hibernate-validator-6.2.3.Final.jar" skipped="0" tests="1" timestamp="2026-02-13T20:41:26.733"><testcase classname="dependency-check" name="hibernate-validator-6.2.3.Final.jar"/></testsuite><testsuite failures="0" errors="0" time="0" id="25" name="/scratch/softwares_2/ORM_25.3_workspace/OSCS/oscs_client/workspace/OSCS_SCAN_AREA_20260213203832/istack-commons-runtime-3.0.7.jar" package="istack-commons-runtime-3.0.7.jar" skipped="0" tests="1" timestamp="2026-02-13T20:41:26.733"><testcase classname="dependency-check" name="istack-commons-runtime-3.0.7.jar"/></testsuite><testsuite failures="0" errors="0" time="0" id="26" name="/scratch/softwares_2/ORM_25.3_workspace/OSCS/oscs_client/workspace/OSCS_SCAN_AREA_20260213203832/itext-2.1.7.js6.jar" package="itext-2.1.7.js6.jar" skipped="0" tests="1" timestamp="2026-02-13T20:41:26.733"><testcase classname="dependency-check" name="itext-2.1.7.js6.jar"/></testsuite><testsuite failures="0" errors="0" time="0" id="27" name="/scratch/softwares_2/ORM_25.3_workspace/OSCS/oscs_client/workspace/OSCS_SCAN_AREA_20260213203832/jackson-core-2.15.3.jar" package="jackson-core-2.15.3.jar" skipped="0" tests="1" timestamp="2026-02-13T20:41:26.733"><testcase classname="dependency-check" name="jackson-core-2.15.3.jar"/></testsuite><testsuite failures="0" errors="0" time="0" id="28" name="/scratch/softwares_2/ORM_25.3_workspace/OSCS/oscs_client/workspace/OSCS_SCAN_AREA_20260213203832/jackson-databind-2.15.3.jar" package="jackson-databind-2.15.3.jar" skipped="0" tests="1" timestamp="2026-02-13T20:41:26.733"><testcase classname="dependency-check" name="jackson-databind-2.15.3.jar"/></testsuite><testsuite failures="0" errors="0" time="0" id="29" name="/scratch/softwares_2/ORM_25.3_workspace/OSCS/oscs_client/workspace/OSCS_SCAN_AREA_20260213203832/jackson-datatype-jdk8-2.13.4.jar" package="jackson-datatype-jdk8-2.13.4.jar" skipped="0" tests="1" timestamp="2026-02-13T20:41:26.733"><testcase classname="dependency-check" name="jackson-datatype-jdk8-2.13.4.jar"/></testsuite><testsuite failures="0" errors="0" time="0" id="30" name="/scratch/softwares_2/ORM_25.3_workspace/OSCS/oscs_client/workspace/OSCS_SCAN_AREA_20260213203832/jakarta.activation-1.2.1.jar" package="jakarta.activation-1.2.1.jar" skipped="0" tests="1" timestamp="2026-02-13T20:41:26.733"><testcase classname="dependency-check" name="jakarta.activation-1.2.1.jar"/></testsuite><testsuite failures="0" errors="0" time="0" id="31" name="/scratch/softwares_2/ORM_25.3_workspace/OSCS/oscs_client/workspace/OSCS_SCAN_AREA_20260213203832/jakarta.annotation-api-1.3.5.jar" package="jakarta.annotation-api-1.3.5.jar" skipped="0" tests="1" timestamp="2026-02-13T20:41:26.733"><testcase classname="dependency-check" name="jakarta.annotation-api-1.3.5.jar"/></testsuite><testsuite failures="0" errors="0" time="0" id="32" name="/scratch/softwares_2/ORM_25.3_workspace/OSCS/oscs_client/workspace/OSCS_SCAN_AREA_20260213203832/jakarta.mail-1.6.7.jar" package="jakarta.mail-1.6.7.jar" skipped="0" tests="1" timestamp="2026-02-13T20:41:26.733"><testcase classname="dependency-check" name="jakarta.mail-1.6.7.jar"/></testsuite><testsuite failures="0" errors="0" time="0" id="33" name="/scratch/softwares_2/ORM_25.3_workspace/OSCS/oscs_client/workspace/OSCS_SCAN_AREA_20260213203832/jakarta.persistence-api-2.2.3.jar" package="jakarta.persistence-api-2.2.3.jar" skipped="0" tests="1" timestamp="2026-02-13T20:41:26.733"><testcase classname="dependency-check" name="jakarta.persistence-api-2.2.3.jar"/></testsuite><testsuite failures="0" errors="0" time="0" id="34" name="/scratch/softwares_2/ORM_25.3_workspace/OSCS/oscs_client/workspace/OSCS_SCAN_AREA_20260213203832/jakarta.validation-api-2.0.2.jar" package="jakarta.validation-api-2.0.2.jar" skipped="0" tests="1" timestamp="2026-02-13T20:41:26.733"><testcase classname="dependency-check" name="jakarta.validation-api-2.0.2.jar"/></testsuite><testsuite failures="0" errors="0" time="0" id="35" name="/scratch/softwares_2/ORM_25.3_workspace/OSCS/oscs_client/workspace/OSCS_SCAN_AREA_20260213203832/jandex-2.4.2.Final.jar" package="jandex-2.4.2.Final.jar" skipped="0" tests="1" timestamp="2026-02-13T20:41:26.733"><testcase classname="dependency-check" name="jandex-2.4.2.Final.jar"/></testsuite><testsuite failures="1" errors="0" time="0" id="36" name="/scratch/softwares_2/ORM_25.3_workspace/OSCS/oscs_client/workspace/OSCS_SCAN_AREA_20260213203832/jasperreports-6.5.1.jar" package="jasperreports-6.5.1.jar" skipped="0" tests="1" timestamp="2026-02-13T20:41:26.733"><testcase classname="CVE-2018-18809" name="pkg:maven/net.sf.jasperreports/jasperreports@6.5.1"><failure message="cvssV3: MEDIUM, score: 6.5 (CVSS:3.0/AV:N/AC:L/PR:L/UI:N/S:U/C:H/I:N/A:N)"/><system-out>The default server implementation of TIBCO Software Inc.&apos;s TIBCO JasperReports Library TIBCO JasperReports Library Community Edition TIBCO JasperReports Library for ActiveMatrix BPM TIBCO JasperReports Server TIBCO JasperReports Server Community Edition TIBCO JasperReports Server for ActiveMatrix BPM TIBCO Jaspersoft for AWS with Multi-Tenancy and TIBCO Jaspersoft Reporting and Analytics for AWS contains a directory-traversal vulnerability that may theoretically allow web server users to access contents of the host system. Affected releases are TIBCO Software Inc.&apos;s TIBCO JasperReports Library: versions up to and including 6.3.4; 6.4.1; 6.4.2; 6.4.21; 7.1.0; 7.2.0 TIBCO JasperReports Library Community Edition: versions up to and including 6.7.0 TIBCO JasperReports Library for ActiveMatrix BPM: versions up to and including 6.4.21 TIBCO JasperReports Server: versions up to and including 6.3.4; 6.4.0; 6.4.1; 6.4.2; 6.4.3; 7.1.0 TIBCO JasperReports Server Community Edition: versions up to and including 6.4.3; 7.1.0 TIBCO JasperReports Server for ActiveMatrix BPM: versions up to and including 6.4.3 TIBCO Jaspersoft for AWS with Multi-Tenancy: versions up to and including 7.1.0 TIBCO Jaspersoft Reporting and Analytics for AWS: versions up to and including 7.1.0.</system-out><system-err>location: /scratch/softwares_2/ORM_25.3_workspace/OSCS/oscs_client/workspace/OSCS_SCAN_AREA_20260213203832/jasperreports-6.5.1.jar, project-references: [  ]</system-err></testcase></testsuite><testsuite failures="0" errors="0" time="0" id="37" name="/scratch/softwares_2/ORM_25.3_workspace/OSCS/oscs_client/workspace/OSCS_SCAN_AREA_20260213203832/jasperreports-fonts-4.5.0.jar" package="jasperreports-fonts-4.5.0.jar" skipped="0" tests="1" timestamp="2026-02-13T20:41:26.733"><testcase classname="dependency-check" name="jasperreports-fonts-4.5.0.jar"/></testsuite><testsuite failures="0" errors="0" time="0" id="38" name="/scratch/softwares_2/ORM_25.3_workspace/OSCS/oscs_client/workspace/OSCS_SCAN_AREA_20260213203832/jaxb-api-2.3.1.jar" package="jaxb-api-2.3.1.jar" skipped="0" tests="1" timestamp="2026-02-13T20:41:26.733"><testcase classname="dependency-check" name="jaxb-api-2.3.1.jar"/></testsuite><testsuite failures="0" errors="0" time="0" id="39" name="/scratch/softwares_2/ORM_25.3_workspace/OSCS/oscs_client/workspace/OSCS_SCAN_AREA_20260213203832/jaxb-runtime-2.3.1.jar" package="jaxb-runtime-2.3.1.jar" skipped="0" tests="1" timestamp="2026-02-13T20:41:26.733"><testcase classname="dependency-check" name="jaxb-runtime-2.3.1.jar"/></testsuite><testsuite failures="0" errors="0" time="0" id="40" name="/scratch/softwares_2/ORM_25.3_workspace/OSCS/oscs_client/workspace/OSCS_SCAN_AREA_20260213203832/jboss-logging-3.4.3.Final.jar" package="jboss-logging-3.4.3.Final.jar" skipped="0" tests="1" timestamp="2026-02-13T20:41:26.733"><testcase classname="dependency-check" name="jboss-logging-3.4.3.Final.jar"/></testsuite><testsuite failures="0" errors="0" time="0" id="41" name="/scratch/softwares_2/ORM_25.3_workspace/OSCS/oscs_client/workspace/OSCS_SCAN_AREA_20260213203832/jcip-annotations-1.0-1.jar" package="jcip-annotations-1.0-1.jar" skipped="0" tests="1" timestamp="2026-02-13T20:41:26.733"><testcase classname="dependency-check" name="jcip-annotations-1.0-1.jar"/></testsuite><testsuite failures="0" errors="0" time="0" id="42" name="/scratch/softwares_2/ORM_25.3_workspace/OSCS/oscs_client/workspace/OSCS_SCAN_AREA_20260213203832/jul-to-slf4j-1.7.36.jar" package="jul-to-slf4j-1.7.36.jar" skipped="0" tests="1" timestamp="2026-02-13T20:41:26.733"><testcase classname="dependency-check" name="jul-to-slf4j-1.7.36.jar"/></testsuite><testsuite failures="0" errors="0" time="0" id="43" name="/scratch/softwares_2/ORM_25.3_workspace/OSCS/oscs_client/workspace/OSCS_SCAN_AREA_20260213203832/logback-core-1.2.11.jar" package="logback-core-1.2.11.jar" skipped="0" tests="1" timestamp="2026-02-13T20:41:26.733"><testcase classname="dependency-check" name="logback-core-1.2.11.jar"/></testsuite><testsuite failures="0" errors="0" time="0" id="44" name="/scratch/softwares_2/ORM_25.3_workspace/OSCS/oscs_client/workspace/OSCS_SCAN_AREA_20260213203832/lombok-1.18.24.jar" package="lombok-1.18.24.jar" skipped="0" tests="1" timestamp="2026-02-13T20:41:26.733"><testcase classname="dependency-check" name="lombok-1.18.24.jar"/></testsuite><testsuite failures="0" errors="0" time="0" id="45" name="/scratch/softwares_2/ORM_25.3_workspace/OSCS/oscs_client/workspace/OSCS_SCAN_AREA_20260213203832/lombok-1.18.24.jar/lombok/launch/mavenEcjBootstrapAgent.jar" package="lombok-1.18.24.jar: mavenEcjBootstrapAgent.jar" skipped="0" tests="1" timestamp="2026-02-13T20:41:26.733"><testcase classname="dependency-check" name="lombok-1.18.24.jar: mavenEcjBootstrapAgent.jar"/></testsuite><testsuite failures="0" errors="0" time="0" id="46" name="/scratch/softwares_2/ORM_25.3_workspace/OSCS/oscs_client/workspace/OSCS_SCAN_AREA_20260213203832/netty-codec-4.1.86.Final.jar" package="netty-codec-4.1.86.Final.jar" skipped="0" tests="1" timestamp="2026-02-13T20:41:26.733"><testcase classname="dependency-check" name="netty-codec-4.1.86.Final.jar"/></testsuite><testsuite failures="0" errors="0" time="0" id="47" name="/scratch/softwares_2/ORM_25.3_workspace/OSCS/oscs_client/workspace/OSCS_SCAN_AREA_20260213203832/netty-common-4.1.127.Final.jar/META-INF/maven/org.jctools/jctools-core/pom.xml" package="netty-common-4.1.127.Final.jar (shaded: org.jctools:jctools-core:4.0.5)" skipped="0" tests="1" timestamp="2026-02-13T20:41:26.733"><testcase classname="dependency-check" name="netty-common-4.1.127.Final.jar (shaded: org.jctools:jctools-core:4.0.5)"/></testsuite><testsuite failures="0" errors="0" time="0" id="48" name="/scratch/softwares_2/ORM_25.3_workspace/OSCS/oscs_client/workspace/OSCS_SCAN_AREA_20260213203832/netty-common-4.1.84.Final.jar/META-INF/maven/org.jctools/jctools-core/pom.xml" package="netty-common-4.1.84.Final.jar (shaded: org.jctools:jctools-core:3.1.0)" skipped="0" tests="1" timestamp="2026-02-13T20:41:26.733"><testcase classname="dependency-check" name="netty-common-4.1.84.Final.jar (shaded: org.jctools:jctools-core:3.1.0)"/></testsuite><testsuite failures="0" errors="0" time="0" id="49" name="/scratch/softwares_2/ORM_25.3_workspace/OSCS/oscs_client/workspace/OSCS_SCAN_AREA_20260213203832/netty-resolver-dns-native-macos-4.1.101.Final-osx-x86_64.jar" package="netty-resolver-dns-native-macos-4.1.101.Final-osx-x86_64.jar" skipped="0" tests="1" timestamp="2026-02-13T20:41:26.733"><testcase classname="dependency-check" name="netty-resolver-dns-native-macos-4.1.101.Final-osx-x86_64.jar"/></testsuite><testsuite failures="0" errors="0" time="0" id="50" name="/scratch/softwares_2/ORM_25.3_workspace/OSCS/oscs_client/workspace/OSCS_SCAN_AREA_20260213203832/netty-transport-4.1.127.Final.jar" package="netty-transport-4.1.127.Final.jar" skipped="0" tests="1" timestamp="2026-02-13T20:41:26.733"><testcase classname="dependency-check" name="netty-transport-4.1.127.Final.jar"/></testsuite><testsuite failures="2" errors="0" time="0" id="51" name="/scratch/softwares_2/ORM_25.3_workspace/OSCS/oscs_client/workspace/OSCS_SCAN_AREA_20260213203832/netty-transport-4.1.84.Final.jar" package="netty-transport-4.1.84.Final.jar" skipped="0" tests="2" timestamp="2026-02-13T20:41:26.733"><testcase classname="CVE-2022-41881" name="pkg:maven/io.netty/netty-transport@4.1.84.Final"><failure message="cvssV3: HIGH, score: 7.5 (CVSS:3.1/AV:N/AC:L/PR:N/UI:N/S:U/C:N/I:N/A:H)"/><system-out>Netty project is an event-driven asynchronous network application framework. In versions prior to 4.1.86.Final a StackOverflowError can be raised when parsing a malformed crafted message due to an infinite recursion. This issue is patched in version 4.1.86.Final. There is no workaround except using a custom HaProxyMessageDecoder.</system-out><system-err>location: /scratch/softwares_2/ORM_25.3_workspace/OSCS/oscs_client/workspace/OSCS_SCAN_AREA_20260213203832/netty-transport-4.1.84.Final.jar, project-references: [  ]</system-err></testcase><testcase classname="CVE-2022-41915" name="pkg:maven/io.netty/netty-transport@4.1.84.Final"><failure message="cvssV3: MEDIUM, score: 6.5 (CVSS:3.1/AV:N/AC:L/PR:N/UI:N/S:U/C:L/I:L/A:N)"/><system-out>Netty project is an event-driven asynchronous network application framework. In versions prior to 4.1.86.Final when calling `DefaultHttpHeadesr.set` with an _iterator_ of values header value validation was not performed allowing malicious header values in the iterator to perform HTTP Response Splitting. This issue has been patched in version 4.1.86.Final. Integrators can work around the issue by changing the `DefaultHttpHeaders.set(CharSequence Iterator&lt;?&gt;)` call into a `remove()` call and call `add()` in a loop over the iterator of values.</system-out><system-err>location: /scratch/softwares_2/ORM_25.3_workspace/OSCS/oscs_client/workspace/OSCS_SCAN_AREA_20260213203832/netty-transport-4.1.84.Final.jar, project-references: [  ]</system-err></testcase></testsuite><testsuite failures="0" errors="0" time="0" id="52" name="/scratch/softwares_2/ORM_25.3_workspace/OSCS/oscs_client/workspace/OSCS_SCAN_AREA_20260213203832/nimbus-jose-jwt-9.22.jar/META-INF/maven/net.minidev/accessors-smart/pom.xml" package="nimbus-jose-jwt-9.22.jar (shaded: net.minidev:accessors-smart:2.4.8)" skipped="0" tests="1" timestamp="2026-02-13T20:41:26.733"><testcase classname="dependency-check" name="nimbus-jose-jwt-9.22.jar (shaded: net.minidev:accessors-smart:2.4.8)"/></testsuite><testsuite failures="0" errors="0" time="0" id="53" name="/scratch/softwares_2/ORM_25.3_workspace/OSCS/oscs_client/workspace/OSCS_SCAN_AREA_20260213203832/nimbus-jose-jwt-9.22.jar/META-INF/maven/net.minidev/json-smart/pom.xml" package="nimbus-jose-jwt-9.22.jar (shaded: net.minidev:json-smart:2.4.8)" skipped="0" tests="1" timestamp="2026-02-13T20:41:26.733"><testcase classname="dependency-check" name="nimbus-jose-jwt-9.22.jar (shaded: net.minidev:json-smart:2.4.8)"/></testsuite><testsuite failures="0" errors="0" time="0" id="54" name="/scratch/softwares_2/ORM_25.3_workspace/OSCS/oscs_client/workspace/OSCS_SCAN_AREA_20260213203832/nimbus-jose-jwt-9.22.jar" package="nimbus-jose-jwt-9.22.jar" skipped="0" tests="1" timestamp="2026-02-13T20:41:26.733"><testcase classname="dependency-check" name="nimbus-jose-jwt-9.22.jar"/></testsuite><testsuite failures="0" errors="0" time="0" id="55" name="/scratch/softwares_2/ORM_25.3_workspace/OSCS/oscs_client/workspace/OSCS_SCAN_AREA_20260213203832/nio-multipart-parser-1.1.0.jar" package="nio-multipart-parser-1.1.0.jar" skipped="0" tests="1" timestamp="2026-02-13T20:41:26.733"><testcase classname="dependency-check" name="nio-multipart-parser-1.1.0.jar"/></testsuite><testsuite failures="0" errors="0" time="0" id="56" name="/scratch/softwares_2/ORM_25.3_workspace/OSCS/oscs_client/workspace/OSCS_SCAN_AREA_20260213203832/nio-stream-storage-1.1.3.jar" package="nio-stream-storage-1.1.3.jar" skipped="0" tests="1" timestamp="2026-02-13T20:41:26.733"><testcase classname="dependency-check" name="nio-stream-storage-1.1.3.jar"/></testsuite><testsuite failures="0" errors="0" time="0" id="57" name="/scratch/softwares_2/ORM_25.3_workspace/OSCS/oscs_client/workspace/OSCS_SCAN_AREA_20260213203832/ons-19.3.0.0.jar" package="ons-19.3.0.0.jar" skipped="0" tests="1" timestamp="2026-02-13T20:41:26.733"><testcase classname="dependency-check" name="ons-19.3.0.0.jar"/></testsuite><testsuite failures="0" errors="0" time="0" id="58" name="/scratch/softwares_2/ORM_25.3_workspace/OSCS/oscs_client/workspace/OSCS_SCAN_AREA_20260213203832/oraclepki-19.3.0.0.jar" package="oraclepki-19.3.0.0.jar" skipped="0" tests="1" timestamp="2026-02-13T20:41:26.733"><testcase classname="dependency-check" name="oraclepki-19.3.0.0.jar"/></testsuite><testsuite failures="0" errors="0" time="0" id="59" name="/scratch/softwares_2/ORM_25.3_workspace/OSCS/oscs_client/workspace/OSCS_SCAN_AREA_20260213203832/osdt_cert-19.3.0.0.jar" package="osdt_cert-19.3.0.0.jar" skipped="0" tests="1" timestamp="2026-02-13T20:41:26.733"><testcase classname="dependency-check" name="osdt_cert-19.3.0.0.jar"/></testsuite><testsuite failures="0" errors="0" time="0" id="60" name="/scratch/softwares_2/ORM_25.3_workspace/OSCS/oscs_client/workspace/OSCS_SCAN_AREA_20260213203832/osdt_core-19.3.0.0.jar" package="osdt_core-19.3.0.0.jar" skipped="0" tests="1" timestamp="2026-02-13T20:41:26.733"><testcase classname="dependency-check" name="osdt_core-19.3.0.0.jar"/></testsuite><testsuite failures="4" errors="0" time="0" id="61" name="/scratch/softwares_2/ORM_25.3_workspace/OSCS/oscs_client/workspace/OSCS_SCAN_AREA_20260213203832/pdfbox-2.0.22.jar" package="pdfbox-2.0.22.jar" skipped="0" tests="4" timestamp="2026-02-13T20:41:26.733"><testcase classname="CVE-2021-27807" name="pkg:maven/org.apache.pdfbox/pdfbox@2.0.22"><failure message="cvssV3: MEDIUM, score: 5.5 (CVSS:3.1/AV:L/AC:L/PR:N/UI:R/S:U/C:N/I:N/A:H)"/><system-out>A carefully crafted PDF file can trigger an infinite loop while loading the file. This issue affects Apache PDFBox version 2.0.22 and prior 2.0.x versions.</system-out><system-err>location: /scratch/softwares_2/ORM_25.3_workspace/OSCS/oscs_client/workspace/OSCS_SCAN_AREA_20260213203832/pdfbox-2.0.22.jar, project-references: [  ]</system-err></testcase><testcase classname="CVE-2021-27906" name="pkg:maven/org.apache.pdfbox/pdfbox@2.0.22"><failure message="cvssV3: MEDIUM, score: 5.5 (CVSS:3.1/AV:L/AC:L/PR:N/UI:R/S:U/C:N/I:N/A:H)"/><system-out>A carefully crafted PDF file can trigger an OutOfMemory-Exception while loading the file. This issue affects Apache PDFBox version 2.0.22 and prior 2.0.x versions.</system-out><system-err>location: /scratch/softwares_2/ORM_25.3_workspace/OSCS/oscs_client/workspace/OSCS_SCAN_AREA_20260213203832/pdfbox-2.0.22.jar, project-references: [  ]</system-err></testcase><testcase classname="CVE-2021-31811" name="pkg:maven/org.apache.pdfbox/pdfbox@2.0.22"><failure message="cvssV3: MEDIUM, score: 5.5 (CVSS:3.1/AV:L/AC:L/PR:N/UI:R/S:U/C:N/I:N/A:H)"/><system-out>In Apache PDFBox a carefully crafted PDF file can trigger an OutOfMemory-Exception while loading the file. This issue affects Apache PDFBox version 2.0.23 and prior 2.0.x versions.</system-out><system-err>location: /scratch/softwares_2/ORM_25.3_workspace/OSCS/oscs_client/workspace/OSCS_SCAN_AREA_20260213203832/pdfbox-2.0.22.jar, project-references: [  ]</system-err></testcase><testcase classname="CVE-2021-31812" name="pkg:maven/org.apache.pdfbox/pdfbox@2.0.22"><failure message="cvssV3: MEDIUM, score: 5.5 (CVSS:3.1/AV:L/AC:L/PR:N/UI:R/S:U/C:N/I:N/A:H)"/><system-out>In Apache PDFBox a carefully crafted PDF file can trigger an infinite loop while loading the file. This issue affects Apache PDFBox version 2.0.23 and prior 2.0.x versions.</system-out><system-err>location: /scratch/softwares_2/ORM_25.3_workspace/OSCS/oscs_client/workspace/OSCS_SCAN_AREA_20260213203832/pdfbox-2.0.22.jar, project-references: [  ]</system-err></testcase></testsuite><testsuite failures="0" errors="0" time="0" id="62" name="/scratch/softwares_2/ORM_25.3_workspace/OSCS/oscs_client/workspace/OSCS_SCAN_AREA_20260213203832/pdfbox2-layout-1.0.1.jar" package="pdfbox2-layout-1.0.1.jar" skipped="0" tests="1" timestamp="2026-02-13T20:41:26.733"><testcase classname="dependency-check" name="pdfbox2-layout-1.0.1.jar"/></testsuite><testsuite failures="0" errors="0" time="0" id="63" name="/scratch/softwares_2/ORM_25.3_workspace/OSCS/oscs_client/workspace/OSCS_SCAN_AREA_20260213203832/poi-5.2.4.jar" package="poi-5.2.4.jar" skipped="0" tests="1" timestamp="2026-02-13T20:41:26.733"><testcase classname="dependency-check" name="poi-5.2.4.jar"/></testsuite><testsuite failures="4" errors="0" time="0" id="64" name="/scratch/softwares_2/ORM_25.3_workspace/OSCS/oscs_client/workspace/OSCS_SCAN_AREA_20260213203832/preflight-2.0.22.jar" package="preflight-2.0.22.jar" skipped="0" tests="4" timestamp="2026-02-13T20:41:26.733"><testcase classname="CVE-2021-27807" name="pkg:maven/org.apache.pdfbox/preflight@2.0.22"><failure message="cvssV3: MEDIUM, score: 5.5 (CVSS:3.1/AV:L/AC:L/PR:N/UI:R/S:U/C:N/I:N/A:H)"/><system-out>A carefully crafted PDF file can trigger an infinite loop while loading the file. This issue affects Apache PDFBox version 2.0.22 and prior 2.0.x versions.</system-out><system-err>location: /scratch/softwares_2/ORM_25.3_workspace/OSCS/oscs_client/workspace/OSCS_SCAN_AREA_20260213203832/preflight-2.0.22.jar, project-references: [  ]</system-err></testcase><testcase classname="CVE-2021-27906" name="pkg:maven/org.apache.pdfbox/preflight@2.0.22"><failure message="cvssV3: MEDIUM, score: 5.5 (CVSS:3.1/AV:L/AC:L/PR:N/UI:R/S:U/C:N/I:N/A:H)"/><system-out>A carefully crafted PDF file can trigger an OutOfMemory-Exception while loading the file. This issue affects Apache PDFBox version 2.0.22 and prior 2.0.x versions.</system-out><system-err>location: /scratch/softwares_2/ORM_25.3_workspace/OSCS/oscs_client/workspace/OSCS_SCAN_AREA_20260213203832/preflight-2.0.22.jar, project-references: [  ]</system-err></testcase><testcase classname="CVE-2021-31811" name="pkg:maven/org.apache.pdfbox/preflight@2.0.22"><failure message="cvssV3: MEDIUM, score: 5.5 (CVSS:3.1/AV:L/AC:L/PR:N/UI:R/S:U/C:N/I:N/A:H)"/><system-out>In Apache PDFBox a carefully crafted PDF file can trigger an OutOfMemory-Exception while loading the file. This issue affects Apache PDFBox version 2.0.23 and prior 2.0.x versions.</system-out><system-err>location: /scratch/softwares_2/ORM_25.3_workspace/OSCS/oscs_client/workspace/OSCS_SCAN_AREA_20260213203832/preflight-2.0.22.jar, project-references: [  ]</system-err></testcase><testcase classname="CVE-2021-31812" name="pkg:maven/org.apache.pdfbox/preflight@2.0.22"><failure message="cvssV3: MEDIUM, score: 5.5 (CVSS:3.1/AV:L/AC:L/PR:N/UI:R/S:U/C:N/I:N/A:H)"/><system-out>In Apache PDFBox a carefully crafted PDF file can trigger an infinite loop while loading the file. This issue affects Apache PDFBox version 2.0.23 and prior 2.0.x versions.</system-out><system-err>location: /scratch/softwares_2/ORM_25.3_workspace/OSCS/oscs_client/workspace/OSCS_SCAN_AREA_20260213203832/preflight-2.0.22.jar, project-references: [  ]</system-err></testcase></testsuite><testsuite failures="0" errors="0" time="0" id="65" name="/scratch/softwares_2/ORM_25.3_workspace/OSCS/oscs_client/workspace/OSCS_SCAN_AREA_20260213203832/reactive-streams-1.0.4.jar" package="reactive-streams-1.0.4.jar" skipped="0" tests="1" timestamp="2026-02-13T20:41:26.733"><testcase classname="dependency-check" name="reactive-streams-1.0.4.jar"/></testsuite><testsuite failures="0" errors="0" time="0" id="66" name="/scratch/softwares_2/ORM_25.3_workspace/OSCS/oscs_client/workspace/OSCS_SCAN_AREA_20260213203832/reactor-core-3.4.24.jar" package="reactor-core-3.4.24.jar" skipped="0" tests="1" timestamp="2026-02-13T20:41:26.733"><testcase classname="dependency-check" name="reactor-core-3.4.24.jar"/></testsuite><testsuite failures="14" errors="0" time="0" id="67" name="/scratch/softwares_2/ORM_25.3_workspace/OSCS/oscs_client/workspace/OSCS_SCAN_AREA_20260213203832/reactor-netty-core-1.0.24.jar" package="reactor-netty-core-1.0.24.jar" skipped="0" tests="14" timestamp="2026-02-13T20:41:26.733"><testcase classname="CVE-2019-20444" name="cpe:2.3:a:netty:netty:*:*:*:*:*:*:*:* versions up to (excluding) 4.1.44"><failure message="cvssV3: CRITICAL, score: 9.1 (CVSS:3.1/AV:N/AC:L/PR:N/UI:N/S:U/C:H/I:H/A:N)"/><system-out>HttpObjectDecoder.java in Netty before 4.1.44 allows an HTTP header that lacks a colon which might be interpreted as a separate header with an incorrect syntax or might be interpreted as an invalid fold.</system-out><system-err>location: /scratch/softwares_2/ORM_25.3_workspace/OSCS/oscs_client/workspace/OSCS_SCAN_AREA_20260213203832/reactor-netty-core-1.0.24.jar, project-references: [  ]</system-err></testcase><testcase classname="CVE-2019-20445" name="cpe:2.3:a:netty:netty:*:*:*:*:*:*:*:* versions up to (excluding) 4.1.44"><failure message="cvssV3: CRITICAL, score: 9.1 (CVSS:3.1/AV:N/AC:L/PR:N/UI:N/S:U/C:H/I:H/A:N)"/><system-out>HttpObjectDecoder.java in Netty before 4.1.44 allows a Content-Length header to be accompanied by a second Content-Length header or by a Transfer-Encoding header.</system-out><system-err>location: /scratch/softwares_2/ORM_25.3_workspace/OSCS/oscs_client/workspace/OSCS_SCAN_AREA_20260213203832/reactor-netty-core-1.0.24.jar, project-references: [  ]</system-err></testcase><testcase classname="CVE-2015-2156" name="cpe:2.3:a:netty:netty:*:*:*:*:*:*:*:* versions up to (including) 3.9.7"><failure message="cvssV3: HIGH, score: 7.5 (CVSS:3.0/AV:N/AC:L/PR:N/UI:N/S:U/C:H/I:N/A:N)"/><system-out>Netty before 3.9.8.Final 3.10.x before 3.10.3.Final 4.0.x before 4.0.28.Final and 4.1.x before 4.1.0.Beta5 and Play Framework 2.x before 2.3.9 might allow remote attackers to bypass the httpOnly flag on cookies and obtain sensitive information by leveraging improper validation of cookie name and value characters.</system-out><system-err>location: /scratch/softwares_2/ORM_25.3_workspace/OSCS/oscs_client/workspace/OSCS_SCAN_AREA_20260213203832/reactor-netty-core-1.0.24.jar, project-references: [  ]</system-err></testcase><testcase classname="CVE-2019-16869" name="cpe:2.3:a:netty:netty:*:*:*:*:*:*:*:* versions up to (excluding) 4.1.42"><failure message="cvssV3: HIGH, score: 7.5 (CVSS:3.1/AV:N/AC:L/PR:N/UI:N/S:U/C:N/I:H/A:N)"/><system-out>Netty before 4.1.42.Final mishandles whitespace before the colon in HTTP headers (such as a Transfer-Encoding : chunked line) which leads to HTTP request smuggling.</system-out><system-err>location: /scratch/softwares_2/ORM_25.3_workspace/OSCS/oscs_client/workspace/OSCS_SCAN_AREA_20260213203832/reactor-netty-core-1.0.24.jar, project-references: [  ]</system-err></testcase><testcase classname="CVE-2021-37136" name="cpe:2.3:a:netty:netty:*:*:*:*:*:*:*:* versions up to (excluding) 4.1.68"><failure message="cvssV3: HIGH, score: 7.5 (CVSS:3.1/AV:N/AC:L/PR:N/UI:N/S:U/C:N/I:N/A:H)"/><system-out>The Bzip2 decompression decoder function doesn&apos;t allow setting size restrictions on the decompressed output data (which affects the allocation size used during decompression). All users of Bzip2Decoder are affected. The malicious input can trigger an OOME and so a DoS attack</system-out><system-err>location: /scratch/softwares_2/ORM_25.3_workspace/OSCS/oscs_client/workspace/OSCS_SCAN_AREA_20260213203832/reactor-netty-core-1.0.24.jar, project-references: [  ]</system-err></testcase><testcase classname="CVE-2021-37137" name="cpe:2.3:a:netty:netty:*:*:*:*:*:*:*:* versions up to (excluding) 4.1.68"><failure message="cvssV3: HIGH, score: 7.5 (CVSS:3.1/AV:N/AC:L/PR:N/UI:N/S:U/C:N/I:N/A:H)"/><system-out>The Snappy frame decoder function doesn&apos;t restrict the chunk length which may lead to excessive memory usage. Beside this it also may buffer reserved skippable chunks until the whole chunk was received which may lead to excessive memory usage as well. This vulnerability can be triggered by supplying malicious input that decompresses to a very big size (via a network stream or a file) or by sending a huge skippable chunk.</system-out><system-err>location: /scratch/softwares_2/ORM_25.3_workspace/OSCS/oscs_client/workspace/OSCS_SCAN_AREA_20260213203832/reactor-netty-core-1.0.24.jar, project-references: [  ]</system-err></testcase><testcase classname="CVE-2022-41881" name="cpe:2.3:a:netty:netty:*:*:*:*:*:*:*:* versions up to (excluding) 4.1.86"><failure message="cvssV3: HIGH, score: 7.5 (CVSS:3.1/AV:N/AC:L/PR:N/UI:N/S:U/C:N/I:N/A:H)"/><system-out>Netty project is an event-driven asynchronous network application framework. In versions prior to 4.1.86.Final a StackOverflowError can be raised when parsing a malformed crafted message due to an infinite recursion. This issue is patched in version 4.1.86.Final. There is no workaround except using a custom HaProxyMessageDecoder.</system-out><system-err>location: /scratch/softwares_2/ORM_25.3_workspace/OSCS/oscs_client/workspace/OSCS_SCAN_AREA_20260213203832/reactor-netty-core-1.0.24.jar, project-references: [  ]</system-err></testcase><testcase classname="CVE-2021-43797" name="cpe:2.3:a:netty:netty:*:*:*:*:*:*:*:* versions up to (excluding) 4.1.71"><failure message="cvssV3: MEDIUM, score: 6.5 (CVSS:3.1/AV:N/AC:L/PR:N/UI:R/S:U/C:N/I:H/A:N)"/><system-out>Netty is an asynchronous event-driven network application framework for rapid development of maintainable high performance protocol servers &amp; clients. Netty prior to version 4.1.71.Final skips control chars when they are present at the beginning / end of the header name. It should instead fail fast as these are not allowed by the spec and could lead to HTTP request smuggling. Failing to do the validation might cause netty to sanitize header names before it forward these to another remote system when used as proxy. This remote system can&apos;t see the invalid usage anymore and therefore does not do the validation itself. Users should upgrade to version 4.1.71.Final.</system-out><system-err>location: /scratch/softwares_2/ORM_25.3_workspace/OSCS/oscs_client/workspace/OSCS_SCAN_AREA_20260213203832/reactor-netty-core-1.0.24.jar, project-references: [  ]</system-err></testcase><testcase classname="CVE-2022-41915" name="cpe:2.3:a:netty:netty:*:*:*:*:*:*:*:* versions up to (excluding) 4.1.86"><failure message="cvssV3: MEDIUM, score: 6.5 (CVSS:3.1/AV:N/AC:L/PR:N/UI:N/S:U/C:L/I:L/A:N)"/><system-out>Netty project is an event-driven asynchronous network application framework. In versions prior to 4.1.86.Final when calling `DefaultHttpHeadesr.set` with an _iterator_ of values header value validation was not performed allowing malicious header values in the iterator to perform HTTP Response Splitting. This issue has been patched in version 4.1.86.Final. Integrators can work around the issue by changing the `DefaultHttpHeaders.set(CharSequence Iterator&lt;?&gt;)` call into a `remove()` call and call `add()` in a loop over the iterator of values.</system-out><system-err>location: /scratch/softwares_2/ORM_25.3_workspace/OSCS/oscs_client/workspace/OSCS_SCAN_AREA_20260213203832/reactor-netty-core-1.0.24.jar, project-references: [  ]</system-err></testcase><testcase classname="CVE-2021-21295" name="cpe:2.3:a:netty:netty:*:*:*:*:*:*:*:* versions up to (excluding) 4.1.60"><failure message="cvssV3: MEDIUM, score: 5.9 (CVSS:3.1/AV:N/AC:H/PR:N/UI:N/S:U/C:N/I:H/A:N)"/><system-out>Netty is an open-source asynchronous event-driven network application framework for rapid development of maintainable high performance protocol servers &amp; clients. In Netty (io.netty:netty-codec-http2) before version 4.1.60.Final there is a vulnerability that enables request smuggling. If a Content-Length header is present in the original HTTP/2 request the field is not validated by `Http2MultiplexHandler` as it is propagated up. This is fine as long as the request is not proxied through as HTTP/1.1. If the request comes in as an HTTP/2 stream gets converted into the HTTP/1.1 domain objects (`HttpRequest` `HttpContent` etc.) via `Http2StreamFrameToHttpObjectCodec `and then sent up to the child channel&apos;s pipeline and proxied through a remote peer as HTTP/1.1 this may result in request smuggling. In a proxy case users may assume the content-length is validated somehow which is not the case. If the request is forwarded to a backend channel that is a HTTP/1.1 connection the Content-Length now has meaning and needs to be checked. An attacker can smuggle requests inside the body as it gets downgraded from HTTP/2 to HTTP/1.1. For an example attack refer to the linked GitHub Advisory. Users are only affected if all of this is true: `HTTP2MultiplexCodec` or `Http2FrameCodec` is used `Http2StreamFrameToHttpObjectCodec` is used to convert to HTTP/1.1 objects and these HTTP/1.1 objects are forwarded to another remote peer. This has been patched in 4.1.60.Final As a workaround the user can do the validation by themselves by implementing a custom `ChannelInboundHandler` that is put in the `ChannelPipeline` behind `Http2StreamFrameToHttpObjectCodec`.</system-out><system-err>location: /scratch/softwares_2/ORM_25.3_workspace/OSCS/oscs_client/workspace/OSCS_SCAN_AREA_20260213203832/reactor-netty-core-1.0.24.jar, project-references: [  ]</system-err></testcase><testcase classname="CVE-2021-21409" name="cpe:2.3:a:netty:netty:*:*:*:*:*:*:*:* versions up to (excluding) 4.1.61"><failure message="cvssV3: MEDIUM, score: 5.9 (CVSS:3.1/AV:N/AC:H/PR:N/UI:N/S:U/C:N/I:H/A:N)"/><system-out>Netty is an open-source asynchronous event-driven network application framework for rapid development of maintainable high performance protocol servers &amp; clients. In Netty (io.netty:netty-codec-http2) before version 4.1.61.Final there is a vulnerability that enables request smuggling. The content-length header is not correctly validated if the request only uses a single Http2HeaderFrame with the endStream set to to true. This could lead to request smuggling if the request is proxied to a remote peer and translated to HTTP/1.1. This is a followup of GHSA-wm47-8v5p-wjpj/CVE-2021-21295 which did miss to fix this one case. This was fixed as part of 4.1.61.Final.</system-out><system-err>location: /scratch/softwares_2/ORM_25.3_workspace/OSCS/oscs_client/workspace/OSCS_SCAN_AREA_20260213203832/reactor-netty-core-1.0.24.jar, project-references: [  ]</system-err></testcase><testcase classname="CVE-2021-21290" name="cpe:2.3:a:netty:netty:*:*:*:*:*:*:*:* versions up to (excluding) 4.1.59"><failure message="cvssV3: MEDIUM, score: 5.5 (CVSS:3.1/AV:L/AC:L/PR:L/UI:N/S:U/C:H/I:N/A:N)"/><system-out>Netty is an open-source asynchronous event-driven network application framework for rapid development of maintainable high performance protocol servers &amp; clients. In Netty before version 4.1.59.Final there is a vulnerability on Unix-like systems involving an insecure temp file. When netty&apos;s multipart decoders are used local information disclosure can occur via the local system temporary directory if temporary storing uploads on the disk is enabled. On unix-like systems the temporary directory is shared between all user. As such writing to this directory using APIs that do not explicitly set the file/directory permissions can lead to information disclosure. Of note this does not impact modern MacOS Operating Systems. The method File.createTempFile on unix-like systems creates a random file but by default will create this file with the permissions -rw-r--r--. Thus if sensitive information is written to this file other local users can read this information. This is the case in netty&apos;s AbstractDiskHttpData is vulnerable. This has been fixed in version 4.1.59.Final. As a workaround one may specify your own java.io.tmpdir when you start the JVM or use DefaultHttpDataFactory.setBaseDir(...) to set the directory to something that is only readable by the current user.</system-out><system-err>location: /scratch/softwares_2/ORM_25.3_workspace/OSCS/oscs_client/workspace/OSCS_SCAN_AREA_20260213203832/reactor-netty-core-1.0.24.jar, project-references: [  ]</system-err></testcase><testcase classname="CVE-2022-24823" name="cpe:2.3:a:netty:netty:*:*:*:*:*:*:*:* versions up to (excluding) 4.1.77"><failure message="cvssV3: MEDIUM, score: 5.5 (CVSS:3.1/AV:L/AC:L/PR:L/UI:N/S:U/C:H/I:N/A:N)"/><system-out>Netty is an open-source asynchronous event-driven network application framework. The package `io.netty:netty-codec-http` prior to version 4.1.77.Final contains an insufficient fix for CVE-2021-21290. When Netty&apos;s multipart decoders are used local information disclosure can occur via the local system temporary directory if temporary storing uploads on the disk is enabled. This only impacts applications running on Java version 6 and lower. Additionally this vulnerability impacts code running on Unix-like systems and very old versions of Mac OSX and Windows as they all share the system temporary directory between all users. Version 4.1.77.Final contains a patch for this vulnerability. As a workaround specify one&apos;s own `java.io.tmpdir` when starting the JVM or use DefaultHttpDataFactory.setBaseDir(...) to set the directory to something that is only readable by the current user.</system-out><system-err>location: /scratch/softwares_2/ORM_25.3_workspace/OSCS/oscs_client/workspace/OSCS_SCAN_AREA_20260213203832/reactor-netty-core-1.0.24.jar, project-references: [  ]</system-err></testcase><testcase classname="CVE-2014-3488" name="cpe:2.3:a:netty:netty:*:*:*:*:*:*:*:* versions up to (including) 3.9.1.1"><failure message="cvssV2: MEDIUM, score: 5.0 (/AV:N/AC:L/Au:N/C:N/I:N/A:P)"/><system-out>The SslHandler in Netty before 3.9.2 allows remote attackers to cause a denial of service (infinite loop and CPU consumption) via a crafted SSLv2Hello message.</system-out><system-err>location: /scratch/softwares_2/ORM_25.3_workspace/OSCS/oscs_client/workspace/OSCS_SCAN_AREA_20260213203832/reactor-netty-core-1.0.24.jar, project-references: [  ]</system-err></testcase></testsuite><testsuite failures="0" errors="0" time="0" id="68" name="/scratch/softwares_2/ORM_25.3_workspace/OSCS/oscs_client/workspace/OSCS_SCAN_AREA_20260213203832/simplefan-19.3.0.0.jar" package="simplefan-19.3.0.0.jar" skipped="0" tests="1" timestamp="2026-02-13T20:41:26.733"><testcase classname="dependency-check" name="simplefan-19.3.0.0.jar"/></testsuite><testsuite failures="0" errors="0" time="0" id="69" name="/scratch/softwares_2/ORM_25.3_workspace/OSCS/oscs_client/workspace/OSCS_SCAN_AREA_20260213203832/slf4j-api-1.7.36.jar" package="slf4j-api-1.7.36.jar" skipped="0" tests="1" timestamp="2026-02-13T20:41:26.733"><testcase classname="dependency-check" name="slf4j-api-1.7.36.jar"/></testsuite><testsuite failures="8" errors="0" time="0" id="70" name="/scratch/softwares_2/ORM_25.3_workspace/OSCS/oscs_client/workspace/OSCS_SCAN_AREA_20260213203832/snakeyaml-1.26.jar" package="snakeyaml-1.26.jar" skipped="0" tests="8" timestamp="2026-02-13T20:41:26.733"><testcase classname="CVE-2022-25857" name="pkg:maven/org.yaml/snakeyaml@1.26"><failure message="cvssV3: HIGH, score: 7.5 (CVSS:3.1/AV:N/AC:L/PR:N/UI:N/S:U/C:N/I:N/A:H)"/><system-out>The package org.yaml:snakeyaml from 0 and before 1.31 are vulnerable to Denial of Service (DoS) due missing to nested depth limitation for collections.</system-out><system-err>location: /scratch/softwares_2/ORM_25.3_workspace/OSCS/oscs_client/workspace/OSCS_SCAN_AREA_20260213203832/snakeyaml-1.26.jar, project-references: [  ]</system-err></testcase><testcase classname="CVE-2022-3064" name="pkg:maven/org.yaml/snakeyaml@1.26"><failure message="cvssV3: HIGH, score: 7.5 (CVSS:3.1/AV:N/AC:L/PR:N/UI:N/S:U/C:N/I:N/A:H)"/><system-out>Parsing malicious or large YAML documents can consume excessive amounts of CPU or memory.</system-out><system-err>location: /scratch/softwares_2/ORM_25.3_workspace/OSCS/oscs_client/workspace/OSCS_SCAN_AREA_20260213203832/snakeyaml-1.26.jar, project-references: [  ]</system-err></testcase><testcase classname="CVE-2022-38749" name="pkg:maven/org.yaml/snakeyaml@1.26"><failure message="cvssV3: MEDIUM, score: 6.5 (CVSS:3.1/AV:N/AC:L/PR:L/UI:N/S:U/C:N/I:N/A:H)"/><system-out>Using snakeYAML to parse untrusted YAML files may be vulnerable to Denial of Service attacks (DOS). If the parser is running on user supplied input an attacker may supply content that causes the parser to crash by stackoverflow.</system-out><system-err>location: /scratch/softwares_2/ORM_25.3_workspace/OSCS/oscs_client/workspace/OSCS_SCAN_AREA_20260213203832/snakeyaml-1.26.jar, project-references: [  ]</system-err></testcase><testcase classname="CVE-2022-38751" name="pkg:maven/org.yaml/snakeyaml@1.26"><failure message="cvssV3: MEDIUM, score: 6.5 (CVSS:3.1/AV:N/AC:L/PR:L/UI:N/S:U/C:N/I:N/A:H)"/><system-out>Using snakeYAML to parse untrusted YAML files may be vulnerable to Denial of Service attacks (DOS). If the parser is running on user supplied input an attacker may supply content that causes the parser to crash by stackoverflow.</system-out><system-err>location: /scratch/softwares_2/ORM_25.3_workspace/OSCS/oscs_client/workspace/OSCS_SCAN_AREA_20260213203832/snakeyaml-1.26.jar, project-references: [  ]</system-err></testcase><testcase classname="CVE-2022-38752" name="pkg:maven/org.yaml/snakeyaml@1.26"><failure message="cvssV3: MEDIUM, score: 6.5 (CVSS:3.1/AV:N/AC:L/PR:L/UI:N/S:U/C:N/I:N/A:H)"/><system-out>Using snakeYAML to parse untrusted YAML files may be vulnerable to Denial of Service attacks (DOS). If the parser is running on user supplied input an attacker may supply content that causes the parser to crash by stack-overflow.</system-out><system-err>location: /scratch/softwares_2/ORM_25.3_workspace/OSCS/oscs_client/workspace/OSCS_SCAN_AREA_20260213203832/snakeyaml-1.26.jar, project-references: [  ]</system-err></testcase><testcase classname="CVE-2022-41854" name="pkg:maven/org.yaml/snakeyaml@1.26"><failure message="cvssV3: MEDIUM, score: 6.5 (CVSS:3.1/AV:N/AC:L/PR:N/UI:R/S:U/C:N/I:N/A:H)"/><system-out>Those using Snakeyaml to parse untrusted YAML files may be vulnerable to Denial of Service attacks (DOS). If the parser is running on user supplied input an attacker may supply content that causes the parser to crash by stack overflow. This effect may support a denial of service attack.</system-out><system-err>location: /scratch/softwares_2/ORM_25.3_workspace/OSCS/oscs_client/workspace/OSCS_SCAN_AREA_20260213203832/snakeyaml-1.26.jar, project-references: [  ]</system-err></testcase><testcase classname="CVE-2021-4235" name="pkg:maven/org.yaml/snakeyaml@1.26"><failure message="cvssV3: MEDIUM, score: 5.5 (CVSS:3.1/AV:L/AC:L/PR:N/UI:R/S:U/C:N/I:N/A:H)"/><system-out>Due to unbounded alias chasing a maliciously crafted YAML file can cause the system to consume significant system resources. If parsing user input this may be used as a denial of service vector.</system-out><system-err>location: /scratch/softwares_2/ORM_25.3_workspace/OSCS/oscs_client/workspace/OSCS_SCAN_AREA_20260213203832/snakeyaml-1.26.jar, project-references: [  ]</system-err></testcase><testcase classname="CVE-2022-38750" name="pkg:maven/org.yaml/snakeyaml@1.26"><failure message="cvssV3: MEDIUM, score: 5.5 (CVSS:3.1/AV:L/AC:L/PR:N/UI:R/S:U/C:N/I:N/A:H)"/><system-out>Using snakeYAML to parse untrusted YAML files may be vulnerable to Denial of Service attacks (DOS). If the parser is running on user supplied input an attacker may supply content that causes the parser to crash by stackoverflow.</system-out><system-err>location: /scratch/softwares_2/ORM_25.3_workspace/OSCS/oscs_client/workspace/OSCS_SCAN_AREA_20260213203832/snakeyaml-1.26.jar, project-references: [  ]</system-err></testcase></testsuite><testsuite failures="2" errors="0" time="0" id="71" name="/scratch/softwares_2/ORM_25.3_workspace/OSCS/oscs_client/workspace/OSCS_SCAN_AREA_20260213203832/snakeyaml-2.0.jar" package="snakeyaml-2.0.jar" skipped="0" tests="2" timestamp="2026-02-13T20:41:26.733"><testcase classname="CVE-2022-3064" name="pkg:maven/org.yaml/snakeyaml@2.0"><failure message="cvssV3: HIGH, score: 7.5 (CVSS:3.1/AV:N/AC:L/PR:N/UI:N/S:U/C:N/I:N/A:H)"/><system-out>Parsing malicious or large YAML documents can consume excessive amounts of CPU or memory.</system-out><system-err>location: /scratch/softwares_2/ORM_25.3_workspace/OSCS/oscs_client/workspace/OSCS_SCAN_AREA_20260213203832/snakeyaml-2.0.jar, project-references: [  ]</system-err></testcase><testcase classname="CVE-2021-4235" name="pkg:maven/org.yaml/snakeyaml@2.0"><failure message="cvssV3: MEDIUM, score: 5.5 (CVSS:3.1/AV:L/AC:L/PR:N/UI:R/S:U/C:N/I:N/A:H)"/><system-out>Due to unbounded alias chasing a maliciously crafted YAML file can cause the system to consume significant system resources. If parsing user input this may be used as a denial of service vector.</system-out><system-err>location: /scratch/softwares_2/ORM_25.3_workspace/OSCS/oscs_client/workspace/OSCS_SCAN_AREA_20260213203832/snakeyaml-2.0.jar, project-references: [  ]</system-err></testcase></testsuite><testsuite failures="0" errors="0" time="0" id="72" name="/scratch/softwares_2/ORM_25.3_workspace/OSCS/oscs_client/workspace/OSCS_SCAN_AREA_20260213203832/spring-boot-2.7.12.jar" package="spring-boot-2.7.12.jar" skipped="0" tests="1" timestamp="2026-02-13T20:41:26.733"><testcase classname="dependency-check" name="spring-boot-2.7.12.jar"/></testsuite><testsuite failures="0" errors="0" time="0" id="73" name="/scratch/softwares_2/ORM_25.3_workspace/OSCS/oscs_client/workspace/OSCS_SCAN_AREA_20260213203832/spring-boot-autoconfigure-2.7.12.jar" package="spring-boot-autoconfigure-2.7.12.jar" skipped="0" tests="1" timestamp="2026-02-13T20:41:26.733"><testcase classname="dependency-check" name="spring-boot-autoconfigure-2.7.12.jar"/></testsuite><testsuite failures="0" errors="0" time="0" id="74" name="/scratch/softwares_2/ORM_25.3_workspace/OSCS/oscs_client/workspace/OSCS_SCAN_AREA_20260213203832/spring-boot-starter-2.7.12.jar" package="spring-boot-starter-2.7.12.jar" skipped="0" tests="1" timestamp="2026-02-13T20:41:26.733"><testcase classname="dependency-check" name="spring-boot-starter-2.7.12.jar"/></testsuite><testsuite failures="0" errors="0" time="0" id="75" name="/scratch/softwares_2/ORM_25.3_workspace/OSCS/oscs_client/workspace/OSCS_SCAN_AREA_20260213203832/spring-boot-starter-aop-2.7.12.jar" package="spring-boot-starter-aop-2.7.12.jar" skipped="0" tests="1" timestamp="2026-02-13T20:41:26.733"><testcase classname="dependency-check" name="spring-boot-starter-aop-2.7.12.jar"/></testsuite><testsuite failures="0" errors="0" time="0" id="76" name="/scratch/softwares_2/ORM_25.3_workspace/OSCS/oscs_client/workspace/OSCS_SCAN_AREA_20260213203832/spring-boot-starter-data-jpa-2.7.12.jar" package="spring-boot-starter-data-jpa-2.7.12.jar" skipped="0" tests="1" timestamp="2026-02-13T20:41:26.733"><testcase classname="dependency-check" name="spring-boot-starter-data-jpa-2.7.12.jar"/></testsuite><testsuite failures="0" errors="0" time="0" id="77" name="/scratch/softwares_2/ORM_25.3_workspace/OSCS/oscs_client/workspace/OSCS_SCAN_AREA_20260213203832/spring-boot-starter-freemarker-2.7.12.jar" package="spring-boot-starter-freemarker-2.7.12.jar" skipped="0" tests="1" timestamp="2026-02-13T20:41:26.733"><testcase classname="dependency-check" name="spring-boot-starter-freemarker-2.7.12.jar"/></testsuite><testsuite failures="0" errors="0" time="0" id="78" name="/scratch/softwares_2/ORM_25.3_workspace/OSCS/oscs_client/workspace/OSCS_SCAN_AREA_20260213203832/spring-boot-starter-jdbc-2.7.12.jar" package="spring-boot-starter-jdbc-2.7.12.jar" skipped="0" tests="1" timestamp="2026-02-13T20:41:26.733"><testcase classname="dependency-check" name="spring-boot-starter-jdbc-2.7.12.jar"/></testsuite><testsuite failures="0" errors="0" time="0" id="79" name="/scratch/softwares_2/ORM_25.3_workspace/OSCS/oscs_client/workspace/OSCS_SCAN_AREA_20260213203832/spring-boot-starter-json-2.7.12.jar" package="spring-boot-starter-json-2.7.12.jar" skipped="0" tests="1" timestamp="2026-02-13T20:41:26.733"><testcase classname="dependency-check" name="spring-boot-starter-json-2.7.12.jar"/></testsuite><testsuite failures="0" errors="0" time="0" id="80" name="/scratch/softwares_2/ORM_25.3_workspace/OSCS/oscs_client/workspace/OSCS_SCAN_AREA_20260213203832/spring-boot-starter-logging-2.7.12.jar" package="spring-boot-starter-logging-2.7.12.jar" skipped="0" tests="1" timestamp="2026-02-13T20:41:26.733"><testcase classname="dependency-check" name="spring-boot-starter-logging-2.7.12.jar"/></testsuite><testsuite failures="0" errors="0" time="0" id="81" name="/scratch/softwares_2/ORM_25.3_workspace/OSCS/oscs_client/workspace/OSCS_SCAN_AREA_20260213203832/spring-boot-starter-mail-2.7.12.jar" package="spring-boot-starter-mail-2.7.12.jar" skipped="0" tests="1" timestamp="2026-02-13T20:41:26.733"><testcase classname="dependency-check" name="spring-boot-starter-mail-2.7.12.jar"/></testsuite><testsuite failures="0" errors="0" time="0" id="82" name="/scratch/softwares_2/ORM_25.3_workspace/OSCS/oscs_client/workspace/OSCS_SCAN_AREA_20260213203832/spring-boot-starter-oauth2-resource-server-2.7.12.jar" package="spring-boot-starter-oauth2-resource-server-2.7.12.jar" skipped="0" tests="1" timestamp="2026-02-13T20:41:26.733"><testcase classname="dependency-check" name="spring-boot-starter-oauth2-resource-server-2.7.12.jar"/></testsuite><testsuite failures="14" errors="0" time="0" id="83" name="/scratch/softwares_2/ORM_25.3_workspace/OSCS/oscs_client/workspace/OSCS_SCAN_AREA_20260213203832/spring-boot-starter-reactor-netty-2.7.12.jar" package="spring-boot-starter-reactor-netty-2.7.12.jar" skipped="0" tests="14" timestamp="2026-02-13T20:41:26.733"><testcase classname="CVE-2019-20444" name="cpe:2.3:a:netty:netty:*:*:*:*:*:*:*:* versions up to (excluding) 4.1.44"><failure message="cvssV3: CRITICAL, score: 9.1 (CVSS:3.1/AV:N/AC:L/PR:N/UI:N/S:U/C:H/I:H/A:N)"/><system-out>HttpObjectDecoder.java in Netty before 4.1.44 allows an HTTP header that lacks a colon which might be interpreted as a separate header with an incorrect syntax or might be interpreted as an invalid fold.</system-out><system-err>location: /scratch/softwares_2/ORM_25.3_workspace/OSCS/oscs_client/workspace/OSCS_SCAN_AREA_20260213203832/spring-boot-starter-reactor-netty-2.7.12.jar, project-references: [  ]</system-err></testcase><testcase classname="CVE-2019-20445" name="cpe:2.3:a:netty:netty:*:*:*:*:*:*:*:* versions up to (excluding) 4.1.44"><failure message="cvssV3: CRITICAL, score: 9.1 (CVSS:3.1/AV:N/AC:L/PR:N/UI:N/S:U/C:H/I:H/A:N)"/><system-out>HttpObjectDecoder.java in Netty before 4.1.44 allows a Content-Length header to be accompanied by a second Content-Length header or by a Transfer-Encoding header.</system-out><system-err>location: /scratch/softwares_2/ORM_25.3_workspace/OSCS/oscs_client/workspace/OSCS_SCAN_AREA_20260213203832/spring-boot-starter-reactor-netty-2.7.12.jar, project-references: [  ]</system-err></testcase><testcase classname="CVE-2015-2156" name="cpe:2.3:a:netty:netty:*:*:*:*:*:*:*:* versions up to (including) 3.9.7"><failure message="cvssV3: HIGH, score: 7.5 (CVSS:3.0/AV:N/AC:L/PR:N/UI:N/S:U/C:H/I:N/A:N)"/><system-out>Netty before 3.9.8.Final 3.10.x before 3.10.3.Final 4.0.x before 4.0.28.Final and 4.1.x before 4.1.0.Beta5 and Play Framework 2.x before 2.3.9 might allow remote attackers to bypass the httpOnly flag on cookies and obtain sensitive information by leveraging improper validation of cookie name and value characters.</system-out><system-err>location: /scratch/softwares_2/ORM_25.3_workspace/OSCS/oscs_client/workspace/OSCS_SCAN_AREA_20260213203832/spring-boot-starter-reactor-netty-2.7.12.jar, project-references: [  ]</system-err></testcase><testcase classname="CVE-2019-16869" name="cpe:2.3:a:netty:netty:*:*:*:*:*:*:*:* versions up to (excluding) 4.1.42"><failure message="cvssV3: HIGH, score: 7.5 (CVSS:3.1/AV:N/AC:L/PR:N/UI:N/S:U/C:N/I:H/A:N)"/><system-out>Netty before 4.1.42.Final mishandles whitespace before the colon in HTTP headers (such as a Transfer-Encoding : chunked line) which leads to HTTP request smuggling.</system-out><system-err>location: /scratch/softwares_2/ORM_25.3_workspace/OSCS/oscs_client/workspace/OSCS_SCAN_AREA_20260213203832/spring-boot-starter-reactor-netty-2.7.12.jar, project-references: [  ]</system-err></testcase><testcase classname="CVE-2021-37136" name="cpe:2.3:a:netty:netty:*:*:*:*:*:*:*:* versions up to (excluding) 4.1.68"><failure message="cvssV3: HIGH, score: 7.5 (CVSS:3.1/AV:N/AC:L/PR:N/UI:N/S:U/C:N/I:N/A:H)"/><system-out>The Bzip2 decompression decoder function doesn&apos;t allow setting size restrictions on the decompressed output data (which affects the allocation size used during decompression). All users of Bzip2Decoder are affected. The malicious input can trigger an OOME and so a DoS attack</system-out><system-err>location: /scratch/softwares_2/ORM_25.3_workspace/OSCS/oscs_client/workspace/OSCS_SCAN_AREA_20260213203832/spring-boot-starter-reactor-netty-2.7.12.jar, project-references: [  ]</system-err></testcase><testcase classname="CVE-2021-37137" name="cpe:2.3:a:netty:netty:*:*:*:*:*:*:*:* versions up to (excluding) 4.1.68"><failure message="cvssV3: HIGH, score: 7.5 (CVSS:3.1/AV:N/AC:L/PR:N/UI:N/S:U/C:N/I:N/A:H)"/><system-out>The Snappy frame decoder function doesn&apos;t restrict the chunk length which may lead to excessive memory usage. Beside this it also may buffer reserved skippable chunks until the whole chunk was received which may lead to excessive memory usage as well. This vulnerability can be triggered by supplying malicious input that decompresses to a very big size (via a network stream or a file) or by sending a huge skippable chunk.</system-out><system-err>location: /scratch/softwares_2/ORM_25.3_workspace/OSCS/oscs_client/workspace/OSCS_SCAN_AREA_20260213203832/spring-boot-starter-reactor-netty-2.7.12.jar, project-references: [  ]</system-err></testcase><testcase classname="CVE-2022-41881" name="cpe:2.3:a:netty:netty:*:*:*:*:*:*:*:* versions up to (excluding) 4.1.86"><failure message="cvssV3: HIGH, score: 7.5 (CVSS:3.1/AV:N/AC:L/PR:N/UI:N/S:U/C:N/I:N/A:H)"/><system-out>Netty project is an event-driven asynchronous network application framework. In versions prior to 4.1.86.Final a StackOverflowError can be raised when parsing a malformed crafted message due to an infinite recursion. This issue is patched in version 4.1.86.Final. There is no workaround except using a custom HaProxyMessageDecoder.</system-out><system-err>location: /scratch/softwares_2/ORM_25.3_workspace/OSCS/oscs_client/workspace/OSCS_SCAN_AREA_20260213203832/spring-boot-starter-reactor-netty-2.7.12.jar, project-references: [  ]</system-err></testcase><testcase classname="CVE-2021-43797" name="cpe:2.3:a:netty:netty:*:*:*:*:*:*:*:* versions up to (excluding) 4.1.71"><failure message="cvssV3: MEDIUM, score: 6.5 (CVSS:3.1/AV:N/AC:L/PR:N/UI:R/S:U/C:N/I:H/A:N)"/><system-out>Netty is an asynchronous event-driven network application framework for rapid development of maintainable high performance protocol servers &amp; clients. Netty prior to version 4.1.71.Final skips control chars when they are present at the beginning / end of the header name. It should instead fail fast as these are not allowed by the spec and could lead to HTTP request smuggling. Failing to do the validation might cause netty to sanitize header names before it forward these to another remote system when used as proxy. This remote system can&apos;t see the invalid usage anymore and therefore does not do the validation itself. Users should upgrade to version 4.1.71.Final.</system-out><system-err>location: /scratch/softwares_2/ORM_25.3_workspace/OSCS/oscs_client/workspace/OSCS_SCAN_AREA_20260213203832/spring-boot-starter-reactor-netty-2.7.12.jar, project-references: [  ]</system-err></testcase><testcase classname="CVE-2022-41915" name="cpe:2.3:a:netty:netty:*:*:*:*:*:*:*:* versions up to (excluding) 4.1.86"><failure message="cvssV3: MEDIUM, score: 6.5 (CVSS:3.1/AV:N/AC:L/PR:N/UI:N/S:U/C:L/I:L/A:N)"/><system-out>Netty project is an event-driven asynchronous network application framework. In versions prior to 4.1.86.Final when calling `DefaultHttpHeadesr.set` with an _iterator_ of values header value validation was not performed allowing malicious header values in the iterator to perform HTTP Response Splitting. This issue has been patched in version 4.1.86.Final. Integrators can work around the issue by changing the `DefaultHttpHeaders.set(CharSequence Iterator&lt;?&gt;)` call into a `remove()` call and call `add()` in a loop over the iterator of values.</system-out><system-err>location: /scratch/softwares_2/ORM_25.3_workspace/OSCS/oscs_client/workspace/OSCS_SCAN_AREA_20260213203832/spring-boot-starter-reactor-netty-2.7.12.jar, project-references: [  ]</system-err></testcase><testcase classname="CVE-2021-21295" name="cpe:2.3:a:netty:netty:*:*:*:*:*:*:*:* versions up to (excluding) 4.1.60"><failure message="cvssV3: MEDIUM, score: 5.9 (CVSS:3.1/AV:N/AC:H/PR:N/UI:N/S:U/C:N/I:H/A:N)"/><system-out>Netty is an open-source asynchronous event-driven network application framework for rapid development of maintainable high performance protocol servers &amp; clients. In Netty (io.netty:netty-codec-http2) before version 4.1.60.Final there is a vulnerability that enables request smuggling. If a Content-Length header is present in the original HTTP/2 request the field is not validated by `Http2MultiplexHandler` as it is propagated up. This is fine as long as the request is not proxied through as HTTP/1.1. If the request comes in as an HTTP/2 stream gets converted into the HTTP/1.1 domain objects (`HttpRequest` `HttpContent` etc.) via `Http2StreamFrameToHttpObjectCodec `and then sent up to the child channel&apos;s pipeline and proxied through a remote peer as HTTP/1.1 this may result in request smuggling. In a proxy case users may assume the content-length is validated somehow which is not the case. If the request is forwarded to a backend channel that is a HTTP/1.1 connection the Content-Length now has meaning and needs to be checked. An attacker can smuggle requests inside the body as it gets downgraded from HTTP/2 to HTTP/1.1. For an example attack refer to the linked GitHub Advisory. Users are only affected if all of this is true: `HTTP2MultiplexCodec` or `Http2FrameCodec` is used `Http2StreamFrameToHttpObjectCodec` is used to convert to HTTP/1.1 objects and these HTTP/1.1 objects are forwarded to another remote peer. This has been patched in 4.1.60.Final As a workaround the user can do the validation by themselves by implementing a custom `ChannelInboundHandler` that is put in the `ChannelPipeline` behind `Http2StreamFrameToHttpObjectCodec`.</system-out><system-err>location: /scratch/softwares_2/ORM_25.3_workspace/OSCS/oscs_client/workspace/OSCS_SCAN_AREA_20260213203832/spring-boot-starter-reactor-netty-2.7.12.jar, project-references: [  ]</system-err></testcase><testcase classname="CVE-2021-21409" name="cpe:2.3:a:netty:netty:*:*:*:*:*:*:*:* versions up to (excluding) 4.1.61"><failure message="cvssV3: MEDIUM, score: 5.9 (CVSS:3.1/AV:N/AC:H/PR:N/UI:N/S:U/C:N/I:H/A:N)"/><system-out>Netty is an open-source asynchronous event-driven network application framework for rapid development of maintainable high performance protocol servers &amp; clients. In Netty (io.netty:netty-codec-http2) before version 4.1.61.Final there is a vulnerability that enables request smuggling. The content-length header is not correctly validated if the request only uses a single Http2HeaderFrame with the endStream set to to true. This could lead to request smuggling if the request is proxied to a remote peer and translated to HTTP/1.1. This is a followup of GHSA-wm47-8v5p-wjpj/CVE-2021-21295 which did miss to fix this one case. This was fixed as part of 4.1.61.Final.</system-out><system-err>location: /scratch/softwares_2/ORM_25.3_workspace/OSCS/oscs_client/workspace/OSCS_SCAN_AREA_20260213203832/spring-boot-starter-reactor-netty-2.7.12.jar, project-references: [  ]</system-err></testcase><testcase classname="CVE-2021-21290" name="cpe:2.3:a:netty:netty:*:*:*:*:*:*:*:* versions up to (excluding) 4.1.59"><failure message="cvssV3: MEDIUM, score: 5.5 (CVSS:3.1/AV:L/AC:L/PR:L/UI:N/S:U/C:H/I:N/A:N)"/><system-out>Netty is an open-source asynchronous event-driven network application framework for rapid development of maintainable high performance protocol servers &amp; clients. In Netty before version 4.1.59.Final there is a vulnerability on Unix-like systems involving an insecure temp file. When netty&apos;s multipart decoders are used local information disclosure can occur via the local system temporary directory if temporary storing uploads on the disk is enabled. On unix-like systems the temporary directory is shared between all user. As such writing to this directory using APIs that do not explicitly set the file/directory permissions can lead to information disclosure. Of note this does not impact modern MacOS Operating Systems. The method File.createTempFile on unix-like systems creates a random file but by default will create this file with the permissions -rw-r--r--. Thus if sensitive information is written to this file other local users can read this information. This is the case in netty&apos;s AbstractDiskHttpData is vulnerable. This has been fixed in version 4.1.59.Final. As a workaround one may specify your own java.io.tmpdir when you start the JVM or use DefaultHttpDataFactory.setBaseDir(...) to set the directory to something that is only readable by the current user.</system-out><system-err>location: /scratch/softwares_2/ORM_25.3_workspace/OSCS/oscs_client/workspace/OSCS_SCAN_AREA_20260213203832/spring-boot-starter-reactor-netty-2.7.12.jar, project-references: [  ]</system-err></testcase><testcase classname="CVE-2022-24823" name="cpe:2.3:a:netty:netty:*:*:*:*:*:*:*:* versions up to (excluding) 4.1.77"><failure message="cvssV3: MEDIUM, score: 5.5 (CVSS:3.1/AV:L/AC:L/PR:L/UI:N/S:U/C:H/I:N/A:N)"/><system-out>Netty is an open-source asynchronous event-driven network application framework. The package `io.netty:netty-codec-http` prior to version 4.1.77.Final contains an insufficient fix for CVE-2021-21290. When Netty&apos;s multipart decoders are used local information disclosure can occur via the local system temporary directory if temporary storing uploads on the disk is enabled. This only impacts applications running on Java version 6 and lower. Additionally this vulnerability impacts code running on Unix-like systems and very old versions of Mac OSX and Windows as they all share the system temporary directory between all users. Version 4.1.77.Final contains a patch for this vulnerability. As a workaround specify one&apos;s own `java.io.tmpdir` when starting the JVM or use DefaultHttpDataFactory.setBaseDir(...) to set the directory to something that is only readable by the current user.</system-out><system-err>location: /scratch/softwares_2/ORM_25.3_workspace/OSCS/oscs_client/workspace/OSCS_SCAN_AREA_20260213203832/spring-boot-starter-reactor-netty-2.7.12.jar, project-references: [  ]</system-err></testcase><testcase classname="CVE-2014-3488" name="cpe:2.3:a:netty:netty:*:*:*:*:*:*:*:* versions up to (including) 3.9.1.1"><failure message="cvssV2: MEDIUM, score: 5.0 (/AV:N/AC:L/Au:N/C:N/I:N/A:P)"/><system-out>The SslHandler in Netty before 3.9.2 allows remote attackers to cause a denial of service (infinite loop and CPU consumption) via a crafted SSLv2Hello message.</system-out><system-err>location: /scratch/softwares_2/ORM_25.3_workspace/OSCS/oscs_client/workspace/OSCS_SCAN_AREA_20260213203832/spring-boot-starter-reactor-netty-2.7.12.jar, project-references: [  ]</system-err></testcase></testsuite><testsuite failures="0" errors="0" time="0" id="84" name="/scratch/softwares_2/ORM_25.3_workspace/OSCS/oscs_client/workspace/OSCS_SCAN_AREA_20260213203832/spring-boot-starter-test-2.7.12.jar" package="spring-boot-starter-test-2.7.12.jar" skipped="0" tests="1" timestamp="2026-02-13T20:41:26.733"><testcase classname="dependency-check" name="spring-boot-starter-test-2.7.12.jar"/></testsuite><testsuite failures="0" errors="0" time="0" id="85" name="/scratch/softwares_2/ORM_25.3_workspace/OSCS/oscs_client/workspace/OSCS_SCAN_AREA_20260213203832/spring-boot-starter-web-2.7.12.jar" package="spring-boot-starter-web-2.7.12.jar" skipped="0" tests="1" timestamp="2026-02-13T20:41:26.733"><testcase classname="dependency-check" name="spring-boot-starter-web-2.7.12.jar"/></testsuite><testsuite failures="0" errors="0" time="0" id="86" name="/scratch/softwares_2/ORM_25.3_workspace/OSCS/oscs_client/workspace/OSCS_SCAN_AREA_20260213203832/spring-boot-starter-webflux-2.7.12.jar" package="spring-boot-starter-webflux-2.7.12.jar" skipped="0" tests="1" timestamp="2026-02-13T20:41:26.733"><testcase classname="dependency-check" name="spring-boot-starter-webflux-2.7.12.jar"/></testsuite><testsuite failures="0" errors="0" time="0" id="87" name="/scratch/softwares_2/ORM_25.3_workspace/OSCS/oscs_client/workspace/OSCS_SCAN_AREA_20260213203832/spring-boot-test-2.7.12.jar" package="spring-boot-test-2.7.12.jar" skipped="0" tests="1" timestamp="2026-02-13T20:41:26.733"><testcase classname="dependency-check" name="spring-boot-test-2.7.12.jar"/></testsuite><testsuite failures="1" errors="0" time="0" id="88" name="/scratch/softwares_2/ORM_25.3_workspace/OSCS/oscs_client/workspace/OSCS_SCAN_AREA_20260213203832/spring-core-5.3.27.jar" package="spring-core-5.3.27.jar" skipped="0" tests="1" timestamp="2026-02-13T20:41:26.733"><testcase classname="CVE-2016-1000027" name="cpe:2.3:a:vmware:spring_framework:*:*:*:*:*:*:*:* versions up to (excluding) 6.0.0"><failure message="cvssV3: CRITICAL, score: 9.8 (CVSS:3.1/AV:N/AC:L/PR:N/UI:N/S:U/C:H/I:H/A:H)"/><system-out>Pivotal Spring Framework through 5.3.16 suffers from a potential remote code execution (RCE) issue if used for Java deserialization of untrusted data. Depending on how the library is implemented within a product this issue may or not occur and authentication may be required. NOTE: the vendor&apos;s position is that untrusted data is not an intended use case. The product&apos;s behavior will not be changed because some users rely on deserialization of trusted data.</system-out><system-err>location: /scratch/softwares_2/ORM_25.3_workspace/OSCS/oscs_client/workspace/OSCS_SCAN_AREA_20260213203832/spring-core-5.3.27.jar, project-references: [  ]</system-err></testcase></testsuite><testsuite failures="0" errors="0" time="0" id="89" name="/scratch/softwares_2/ORM_25.3_workspace/OSCS/oscs_client/workspace/OSCS_SCAN_AREA_20260213203832/spring-data-commons-2.7.12.jar" package="spring-data-commons-2.7.12.jar" skipped="0" tests="1" timestamp="2026-02-13T20:41:26.733"><testcase classname="dependency-check" name="spring-data-commons-2.7.12.jar"/></testsuite><testsuite failures="0" errors="0" time="0" id="90" name="/scratch/softwares_2/ORM_25.3_workspace/OSCS/oscs_client/workspace/OSCS_SCAN_AREA_20260213203832/spring-data-jpa-2.3.3.RELEASE.jar" package="spring-data-jpa-2.3.3.RELEASE.jar" skipped="0" tests="1" timestamp="2026-02-13T20:41:26.733"><testcase classname="dependency-check" name="spring-data-jpa-2.3.3.RELEASE.jar"/></testsuite><testsuite failures="0" errors="0" time="0" id="91" name="/scratch/softwares_2/ORM_25.3_workspace/OSCS/oscs_client/workspace/OSCS_SCAN_AREA_20260213203832/spring-tx-5.3.27.jar" package="spring-tx-5.3.27.jar" skipped="0" tests="1" timestamp="2026-02-13T20:41:26.733"><testcase classname="dependency-check" name="spring-tx-5.3.27.jar"/></testsuite><testsuite failures="0" errors="0" time="0" id="92" name="/scratch/softwares_2/ORM_25.3_workspace/OSCS/oscs_client/workspace/OSCS_SCAN_AREA_20260213203832/spring-web-5.3.27.jar" package="spring-web-5.3.27.jar" skipped="0" tests="1" timestamp="2026-02-13T20:41:26.733"><testcase classname="dependency-check" name="spring-web-5.3.27.jar"/></testsuite><testsuite failures="0" errors="0" time="0" id="93" name="/scratch/softwares_2/ORM_25.3_workspace/OSCS/oscs_client/workspace/OSCS_SCAN_AREA_20260213203832/stax-ex-1.8.jar" package="stax-ex-1.8.jar" skipped="0" tests="1" timestamp="2026-02-13T20:41:26.733"><testcase classname="dependency-check" name="stax-ex-1.8.jar"/></testsuite><testsuite failures="0" errors="0" time="0" id="94" name="/scratch/softwares_2/ORM_25.3_workspace/OSCS/oscs_client/workspace/OSCS_SCAN_AREA_20260213203832/tika-core-2.8.0.jar" package="tika-core-2.8.0.jar" skipped="0" tests="1" timestamp="2026-02-13T20:41:26.733"><testcase classname="dependency-check" name="tika-core-2.8.0.jar"/></testsuite><testsuite failures="0" errors="0" time="0" id="95" name="/scratch/softwares_2/ORM_25.3_workspace/OSCS/oscs_client/workspace/OSCS_SCAN_AREA_20260213203832/txw2-2.3.1.jar" package="txw2-2.3.1.jar" skipped="0" tests="1" timestamp="2026-02-13T20:41:26.733"><testcase classname="dependency-check" name="txw2-2.3.1.jar"/></testsuite><testsuite failures="0" errors="0" time="0" id="96" name="/scratch/softwares_2/ORM_25.3_workspace/OSCS/oscs_client/workspace/OSCS_SCAN_AREA_20260213203832/ucp-19.3.0.0.jar" package="ucp-19.3.0.0.jar" skipped="0" tests="1" timestamp="2026-02-13T20:41:26.733"><testcase classname="dependency-check" name="ucp-19.3.0.0.jar"/></testsuite><testsuite failures="0" errors="0" time="0" id="97" name="/scratch/softwares_2/ORM_25.3_workspace/OSCS/oscs_client/workspace/OSCS_SCAN_AREA_20260213203832/xmlbeans-5.1.1.jar" package="xmlbeans-5.1.1.jar" skipped="0" tests="1" timestamp="2026-02-13T20:41:26.733"><testcase classname="dependency-check" name="xmlbeans-5.1.1.jar"/></testsuite></testsuites>